Analysis & Elaboration report for Laboratorio4
Wed May 04 20:27:29 2016
Quartus Prime Version 15.1.0 Build 185 10/21/2015 SJ Lite Edition


---------------------
; Table of Contents ;
---------------------
  1. Legal Notice
  2. Analysis & Elaboration Summary
  3. Parallel Compilation
  4. Parameter Settings for User Entity Instance: Top-level Entity: |DF_50MHZ
  5. Analysis & Elaboration Settings
  6. Analysis & Elaboration Messages



----------------
; Legal Notice ;
----------------
Copyright (C) 1991-2015 Altera Corporation. All rights reserved.
Your use of Altera Corporation's design tools, logic functions 
and other software and tools, and its AMPP partner logic 
functions, and any output files from any of the foregoing 
(including device programming or simulation files), and any 
associated documentation or information are expressly subject 
to the terms and conditions of the Altera Program License 
Subscription Agreement, the Altera Quartus Prime License Agreement,
the Altera MegaCore Function License Agreement, or other 
applicable license agreement, including, without limitation, 
that your use is for the sole purpose of programming logic 
devices manufactured by Altera and sold by Altera or its 
authorized distributors.  Please refer to the applicable 
agreement for further details.



+----------------------------------------------------------------------------------+
; Analysis & Elaboration Summary                                                   ;
+------------------------------------+---------------------------------------------+
; Analysis & Elaboration Status      ; Successful - Wed May 04 20:27:29 2016       ;
; Quartus Prime Version              ; 15.1.0 Build 185 10/21/2015 SJ Lite Edition ;
; Revision Name                      ; Laboratorio4                                ;
; Top-level Entity Name              ; DF_50MHZ                                    ;
; Family                             ; Cyclone IV E                                ;
; Total logic elements               ; N/A until Partition Merge                   ;
;     Total combinational functions  ; N/A until Partition Merge                   ;
;     Dedicated logic registers      ; N/A until Partition Merge                   ;
; Total registers                    ; N/A until Partition Merge                   ;
; Total pins                         ; N/A until Partition Merge                   ;
; Total virtual pins                 ; N/A until Partition Merge                   ;
; Total memory bits                  ; N/A until Partition Merge                   ;
; Embedded Multiplier 9-bit elements ; N/A until Partition Merge                   ;
; Total PLLs                         ; N/A until Partition Merge                   ;
+------------------------------------+---------------------------------------------+


Parallel compilation was disabled, but you have multiple processors available. Enable parallel compilation to reduce compilation time.
+-------------------------------------+
; Parallel Compilation                ;
+----------------------------+--------+
; Processors                 ; Number ;
+----------------------------+--------+
; Number detected on machine ; 8      ;
; Maximum allowed            ; 1      ;
+----------------------------+--------+


+--------------------------------------------------------------------------+
; Parameter Settings for User Entity Instance: Top-level Entity: |DF_50MHZ ;
+----------------+-------+-------------------------------------------------+
; Parameter Name ; Value ; Type                                            ;
+----------------+-------+-------------------------------------------------+
; limit          ; 28    ; Signed Integer                                  ;
+----------------+-------+-------------------------------------------------+
Note: In order to hide this table in the UI and the text report file, please set the "Show Parameter Settings in Synthesis Report" option in "Analysis and Synthesis Settings -> More Settings" to "Off".


+----------------------------------------------------------------------------------------------------------------------+
; Analysis & Elaboration Settings                                                                                      ;
+----------------------------------------------------------------------------+--------------------+--------------------+
; Option                                                                     ; Setting            ; Default Value      ;
+----------------------------------------------------------------------------+--------------------+--------------------+
; Device                                                                     ; EP4CE115F29C7      ;                    ;
; Top-level entity name                                                      ; DF_50MHZ           ; Laboratorio4       ;
; Family name                                                                ; Cyclone IV E       ; Cyclone V          ;
; Use smart compilation                                                      ; Off                ; Off                ;
; Enable parallel Assembler and TimeQuest Timing Analyzer during compilation ; On                 ; On                 ;
; Enable compact report table                                                ; Off                ; Off                ;
; Restructure Multiplexers                                                   ; Auto               ; Auto               ;
; Create Debugging Nodes for IP Cores                                        ; Off                ; Off                ;
; Preserve fewer node names                                                  ; On                 ; On                 ;
; Disable OpenCore Plus hardware evaluation                                  ; Off                ; Off                ;
; Verilog Version                                                            ; Verilog_2001       ; Verilog_2001       ;
; VHDL Version                                                               ; VHDL_1993          ; VHDL_1993          ;
; State Machine Processing                                                   ; Auto               ; Auto               ;
; Safe State Machine                                                         ; Off                ; Off                ;
; Extract Verilog State Machines                                             ; On                 ; On                 ;
; Extract VHDL State Machines                                                ; On                 ; On                 ;
; Ignore Verilog initial constructs                                          ; Off                ; Off                ;
; Iteration limit for constant Verilog loops                                 ; 5000               ; 5000               ;
; Iteration limit for non-constant Verilog loops                             ; 250                ; 250                ;
; Add Pass-Through Logic to Inferred RAMs                                    ; On                 ; On                 ;
; Infer RAMs from Raw Logic                                                  ; On                 ; On                 ;
; Parallel Synthesis                                                         ; On                 ; On                 ;
; DSP Block Balancing                                                        ; Auto               ; Auto               ;
; NOT Gate Push-Back                                                         ; On                 ; On                 ;
; Power-Up Don't Care                                                        ; On                 ; On                 ;
; Remove Redundant Logic Cells                                               ; Off                ; Off                ;
; Remove Duplicate Registers                                                 ; On                 ; On                 ;
; Ignore CARRY Buffers                                                       ; Off                ; Off                ;
; Ignore CASCADE Buffers                                                     ; Off                ; Off                ;
; Ignore GLOBAL Buffers                                                      ; Off                ; Off                ;
; Ignore ROW GLOBAL Buffers                                                  ; Off                ; Off                ;
; Ignore LCELL Buffers                                                       ; Off                ; Off                ;
; Ignore SOFT Buffers                                                        ; On                 ; On                 ;
; Limit AHDL Integers to 32 Bits                                             ; Off                ; Off                ;
; Optimization Technique                                                     ; Balanced           ; Balanced           ;
; Carry Chain Length                                                         ; 70                 ; 70                 ;
; Auto Carry Chains                                                          ; On                 ; On                 ;
; Auto Open-Drain Pins                                                       ; On                 ; On                 ;
; Perform WYSIWYG Primitive Resynthesis                                      ; Off                ; Off                ;
; Auto ROM Replacement                                                       ; On                 ; On                 ;
; Auto RAM Replacement                                                       ; On                 ; On                 ;
; Auto DSP Block Replacement                                                 ; On                 ; On                 ;
; Auto Shift Register Replacement                                            ; Auto               ; Auto               ;
; Allow Shift Register Merging across Hierarchies                            ; Auto               ; Auto               ;
; Auto Clock Enable Replacement                                              ; On                 ; On                 ;
; Strict RAM Replacement                                                     ; Off                ; Off                ;
; Allow Synchronous Control Signals                                          ; On                 ; On                 ;
; Force Use of Synchronous Clear Signals                                     ; Off                ; Off                ;
; Auto RAM Block Balancing                                                   ; On                 ; On                 ;
; Auto RAM to Logic Cell Conversion                                          ; Off                ; Off                ;
; Auto Resource Sharing                                                      ; Off                ; Off                ;
; Allow Any RAM Size For Recognition                                         ; Off                ; Off                ;
; Allow Any ROM Size For Recognition                                         ; Off                ; Off                ;
; Allow Any Shift Register Size For Recognition                              ; Off                ; Off                ;
; Use LogicLock Constraints during Resource Balancing                        ; On                 ; On                 ;
; Ignore translate_off and synthesis_off directives                          ; Off                ; Off                ;
; Timing-Driven Synthesis                                                    ; On                 ; On                 ;
; Report Parameter Settings                                                  ; On                 ; On                 ;
; Report Source Assignments                                                  ; On                 ; On                 ;
; Report Connectivity Checks                                                 ; On                 ; On                 ;
; Ignore Maximum Fan-Out Assignments                                         ; Off                ; Off                ;
; Synchronization Register Chain Length                                      ; 2                  ; 2                  ;
; PowerPlay Power Optimization During Synthesis                              ; Normal compilation ; Normal compilation ;
; HDL message level                                                          ; Level2             ; Level2             ;
; Suppress Register Optimization Related Messages                            ; Off                ; Off                ;
; Number of Removed Registers Reported in Synthesis Report                   ; 5000               ; 5000               ;
; Number of Swept Nodes Reported in Synthesis Report                         ; 5000               ; 5000               ;
; Number of Inverted Registers Reported in Synthesis Report                  ; 100                ; 100                ;
; Clock MUX Protection                                                       ; On                 ; On                 ;
; Auto Gated Clock Conversion                                                ; Off                ; Off                ;
; Block Design Naming                                                        ; Auto               ; Auto               ;
; SDC constraint protection                                                  ; Off                ; Off                ;
; Synthesis Effort                                                           ; Auto               ; Auto               ;
; Shift Register Replacement - Allow Asynchronous Clear Signal               ; On                 ; On                 ;
; Pre-Mapping Resynthesis Optimization                                       ; Off                ; Off                ;
; Analysis & Synthesis Message Level                                         ; Medium             ; Medium             ;
; Disable Register Merging Across Hierarchies                                ; Auto               ; Auto               ;
; Resource Aware Inference For Block RAM                                     ; On                 ; On                 ;
; Synthesis Seed                                                             ; 1                  ; 1                  ;
+----------------------------------------------------------------------------+--------------------+--------------------+


+---------------------------------+
; Analysis & Elaboration Messages ;
+---------------------------------+
Info: *******************************************************************
Info: Running Quartus Prime Analysis & Elaboration
    Info: Version 15.1.0 Build 185 10/21/2015 SJ Lite Edition
    Info: Processing started: Wed May 04 20:27:14 2016
Info: Command: quartus_map --read_settings_files=on --write_settings_files=off Laboratorio4 -c Laboratorio4 --analysis_and_elaboration
Warning (20028): Parallel compilation is not licensed and has been disabled
Info (12021): Found 2 design units, including 1 entities, in source file df_50mhz_pll_tb.vhd
    Info (12022): Found design unit 1: DF_50MHZ_PLL_TB-test File: E:/Mega/Facultad/FPGA/Laboratorio4/DF_50MHZ_PLL_TB.vhd Line: 8
    Info (12023): Found entity 1: DF_50MHZ_PLL_TB File: E:/Mega/Facultad/FPGA/Laboratorio4/DF_50MHZ_PLL_TB.vhd Line: 4
Info (12021): Found 2 design units, including 1 entities, in source file dec_hex_7seg.vhd
    Info (12022): Found design unit 1: DEC_HEX_7SEG-DECOD File: E:/Mega/Facultad/FPGA/Laboratorio4/DEC_HEX_7SEG.vhd Line: 16
    Info (12023): Found entity 1: DEC_HEX_7SEG File: E:/Mega/Facultad/FPGA/Laboratorio4/DEC_HEX_7SEG.vhd Line: 4
Info (12021): Found 2 design units, including 1 entities, in source file cont4_updown_tb.vhd
    Info (12022): Found design unit 1: CONT4_UPDOWN_TB-tb File: E:/Mega/Facultad/FPGA/Laboratorio4/CONT4_UPDOWN_TB.vhd Line: 8
    Info (12023): Found entity 1: CONT4_UPDOWN_TB File: E:/Mega/Facultad/FPGA/Laboratorio4/CONT4_UPDOWN_TB.vhd Line: 5
Info (12021): Found 2 design units, including 1 entities, in source file ff_d.vhd
    Info (12022): Found design unit 1: FF_D-flow File: E:/Mega/Facultad/FPGA/Laboratorio4/FF_D.vhd Line: 18
    Info (12023): Found entity 1: FF_D File: E:/Mega/Facultad/FPGA/Laboratorio4/FF_D.vhd Line: 5
Info (12021): Found 2 design units, including 1 entities, in source file lfsr_4.vhd
    Info (12022): Found design unit 1: LFSR_4-shift File: E:/Mega/Facultad/FPGA/Laboratorio4/LFSR_4.vhd Line: 17
    Info (12023): Found entity 1: LFSR_4 File: E:/Mega/Facultad/FPGA/Laboratorio4/LFSR_4.vhd Line: 5
Info (12021): Found 2 design units, including 1 entities, in source file lfsr_4_tb.vhd
    Info (12022): Found design unit 1: LFSR_4_TB-test File: E:/Mega/Facultad/FPGA/Laboratorio4/LFSR_4_TB.vhd Line: 7
    Info (12023): Found entity 1: LFSR_4_TB File: E:/Mega/Facultad/FPGA/Laboratorio4/LFSR_4_TB.vhd Line: 4
Info (12021): Found 2 design units, including 1 entities, in source file cont4_updown.vhd
    Info (12022): Found design unit 1: CONT4_UPDOWN-beh File: E:/Mega/Facultad/FPGA/Laboratorio4/CONT4_UPDOWN.vhd Line: 22
    Info (12023): Found entity 1: CONT4_UPDOWN File: E:/Mega/Facultad/FPGA/Laboratorio4/CONT4_UPDOWN.vhd Line: 5
Info (12021): Found 2 design units, including 1 entities, in source file df_50mhz_pll.vhd
    Info (12022): Found design unit 1: DF_50MHZ_PLL-beh File: E:/Mega/Facultad/FPGA/Laboratorio4/DF_50MHZ_PLL.vhd Line: 18
    Info (12023): Found entity 1: DF_50MHZ_PLL File: E:/Mega/Facultad/FPGA/Laboratorio4/DF_50MHZ_PLL.vhd Line: 4
Info (12021): Found 2 design units, including 1 entities, in source file pll/pll.vhd
    Info (12022): Found design unit 1: pll-SYN File: E:/Mega/Facultad/FPGA/Laboratorio4/PLL/PLL.vhd Line: 54
    Info (12023): Found entity 1: PLL File: E:/Mega/Facultad/FPGA/Laboratorio4/PLL/PLL.vhd Line: 43
Info (12021): Found 2 design units, including 1 entities, in source file df_50mhz.vhd
    Info (12022): Found design unit 1: DF_50MHZ-beh File: E:/Mega/Facultad/FPGA/Laboratorio4/DF_50MHZ.vhd Line: 23
    Info (12023): Found entity 1: DF_50MHZ File: E:/Mega/Facultad/FPGA/Laboratorio4/DF_50MHZ.vhd Line: 5
Info (12021): Found 2 design units, including 1 entities, in source file df_50mhz_tb.vhd
    Info (12022): Found design unit 1: DF_50MHZ_TB-test File: E:/Mega/Facultad/FPGA/Laboratorio4/DF_50MHZ_TB.vhd Line: 8
    Info (12023): Found entity 1: DF_50MHZ_TB File: E:/Mega/Facultad/FPGA/Laboratorio4/DF_50MHZ_TB.vhd Line: 4
Info (12127): Elaborating entity "DF_50MHZ" for the top level hierarchy
Info (12128): Elaborating entity "DEC_HEX_7SEG" for hierarchy "DEC_HEX_7SEG:DEC1" File: E:/Mega/Facultad/FPGA/Laboratorio4/DF_50MHZ.vhd Line: 89
Info: Quartus Prime Analysis & Elaboration was successful. 0 errors, 1 warning
    Info: Peak virtual memory: 844 megabytes
    Info: Processing ended: Wed May 04 20:27:29 2016
    Info: Elapsed time: 00:00:15
    Info: Total CPU time (on all processors): 00:00:36


