Analysis & Synthesis report for prueba_generic
Wed May 11 12:08:26 2016
Quartus Prime Version 15.1.0 Build 185 10/21/2015 SJ Lite Edition


---------------------
; Table of Contents ;
---------------------
  1. Legal Notice
  2. Analysis & Synthesis Summary
  3. Analysis & Synthesis Settings
  4. Parallel Compilation
  5. Analysis & Synthesis Source Files Read
  6. Analysis & Synthesis Resource Usage Summary
  7. Analysis & Synthesis Resource Utilization by Entity
  8. Registers Removed During Synthesis
  9. General Register Statistics
 10. Parameter Settings for User Entity Instance: Top-level Entity: |DF_HZ
 11. Post-Synthesis Netlist Statistics for Top Partition
 12. Elapsed Time Per Partition
 13. Analysis & Synthesis Messages



----------------
; Legal Notice ;
----------------
Copyright (C) 1991-2015 Altera Corporation. All rights reserved.
Your use of Altera Corporation's design tools, logic functions 
and other software and tools, and its AMPP partner logic 
functions, and any output files from any of the foregoing 
(including device programming or simulation files), and any 
associated documentation or information are expressly subject 
to the terms and conditions of the Altera Program License 
Subscription Agreement, the Altera Quartus Prime License Agreement,
the Altera MegaCore Function License Agreement, or other 
applicable license agreement, including, without limitation, 
that your use is for the sole purpose of programming logic 
devices manufactured by Altera and sold by Altera or its 
authorized distributors.  Please refer to the applicable 
agreement for further details.



+----------------------------------------------------------------------------------+
; Analysis & Synthesis Summary                                                     ;
+------------------------------------+---------------------------------------------+
; Analysis & Synthesis Status        ; Successful - Wed May 11 12:08:26 2016       ;
; Quartus Prime Version              ; 15.1.0 Build 185 10/21/2015 SJ Lite Edition ;
; Revision Name                      ; prueba_generic                              ;
; Top-level Entity Name              ; DF_HZ                                       ;
; Family                             ; Cyclone IV E                                ;
; Total logic elements               ; 63                                          ;
;     Total combinational functions  ; 62                                          ;
;     Dedicated logic registers      ; 38                                          ;
; Total registers                    ; 38                                          ;
; Total pins                         ; 21                                          ;
; Total virtual pins                 ; 0                                           ;
; Total memory bits                  ; 0                                           ;
; Embedded Multiplier 9-bit elements ; 0                                           ;
; Total PLLs                         ; 0                                           ;
+------------------------------------+---------------------------------------------+


+----------------------------------------------------------------------------------------------------------------------+
; Analysis & Synthesis Settings                                                                                        ;
+----------------------------------------------------------------------------+--------------------+--------------------+
; Option                                                                     ; Setting            ; Default Value      ;
+----------------------------------------------------------------------------+--------------------+--------------------+
; Device                                                                     ; EP4CE115F29C7      ;                    ;
; Top-level entity name                                                      ; DF_HZ              ; prueba_generic     ;
; Family name                                                                ; Cyclone IV E       ; Cyclone V          ;
; Use smart compilation                                                      ; Off                ; Off                ;
; Enable parallel Assembler and TimeQuest Timing Analyzer during compilation ; On                 ; On                 ;
; Enable compact report table                                                ; Off                ; Off                ;
; Restructure Multiplexers                                                   ; Auto               ; Auto               ;
; Create Debugging Nodes for IP Cores                                        ; Off                ; Off                ;
; Preserve fewer node names                                                  ; On                 ; On                 ;
; Disable OpenCore Plus hardware evaluation                                  ; Off                ; Off                ;
; Verilog Version                                                            ; Verilog_2001       ; Verilog_2001       ;
; VHDL Version                                                               ; VHDL_1993          ; VHDL_1993          ;
; State Machine Processing                                                   ; Auto               ; Auto               ;
; Safe State Machine                                                         ; Off                ; Off                ;
; Extract Verilog State Machines                                             ; On                 ; On                 ;
; Extract VHDL State Machines                                                ; On                 ; On                 ;
; Ignore Verilog initial constructs                                          ; Off                ; Off                ;
; Iteration limit for constant Verilog loops                                 ; 5000               ; 5000               ;
; Iteration limit for non-constant Verilog loops                             ; 250                ; 250                ;
; Add Pass-Through Logic to Inferred RAMs                                    ; On                 ; On                 ;
; Infer RAMs from Raw Logic                                                  ; On                 ; On                 ;
; Parallel Synthesis                                                         ; On                 ; On                 ;
; DSP Block Balancing                                                        ; Auto               ; Auto               ;
; NOT Gate Push-Back                                                         ; On                 ; On                 ;
; Power-Up Don't Care                                                        ; On                 ; On                 ;
; Remove Redundant Logic Cells                                               ; Off                ; Off                ;
; Remove Duplicate Registers                                                 ; On                 ; On                 ;
; Ignore CARRY Buffers                                                       ; Off                ; Off                ;
; Ignore CASCADE Buffers                                                     ; Off                ; Off                ;
; Ignore GLOBAL Buffers                                                      ; Off                ; Off                ;
; Ignore ROW GLOBAL Buffers                                                  ; Off                ; Off                ;
; Ignore LCELL Buffers                                                       ; Off                ; Off                ;
; Ignore SOFT Buffers                                                        ; On                 ; On                 ;
; Limit AHDL Integers to 32 Bits                                             ; Off                ; Off                ;
; Optimization Technique                                                     ; Balanced           ; Balanced           ;
; Carry Chain Length                                                         ; 70                 ; 70                 ;
; Auto Carry Chains                                                          ; On                 ; On                 ;
; Auto Open-Drain Pins                                                       ; On                 ; On                 ;
; Perform WYSIWYG Primitive Resynthesis                                      ; Off                ; Off                ;
; Auto ROM Replacement                                                       ; On                 ; On                 ;
; Auto RAM Replacement                                                       ; On                 ; On                 ;
; Auto DSP Block Replacement                                                 ; On                 ; On                 ;
; Auto Shift Register Replacement                                            ; Auto               ; Auto               ;
; Allow Shift Register Merging across Hierarchies                            ; Auto               ; Auto               ;
; Auto Clock Enable Replacement                                              ; On                 ; On                 ;
; Strict RAM Replacement                                                     ; Off                ; Off                ;
; Allow Synchronous Control Signals                                          ; On                 ; On                 ;
; Force Use of Synchronous Clear Signals                                     ; Off                ; Off                ;
; Auto RAM Block Balancing                                                   ; On                 ; On                 ;
; Auto RAM to Logic Cell Conversion                                          ; Off                ; Off                ;
; Auto Resource Sharing                                                      ; Off                ; Off                ;
; Allow Any RAM Size For Recognition                                         ; Off                ; Off                ;
; Allow Any ROM Size For Recognition                                         ; Off                ; Off                ;
; Allow Any Shift Register Size For Recognition                              ; Off                ; Off                ;
; Use LogicLock Constraints during Resource Balancing                        ; On                 ; On                 ;
; Ignore translate_off and synthesis_off directives                          ; Off                ; Off                ;
; Timing-Driven Synthesis                                                    ; On                 ; On                 ;
; Report Parameter Settings                                                  ; On                 ; On                 ;
; Report Source Assignments                                                  ; On                 ; On                 ;
; Report Connectivity Checks                                                 ; On                 ; On                 ;
; Ignore Maximum Fan-Out Assignments                                         ; Off                ; Off                ;
; Synchronization Register Chain Length                                      ; 2                  ; 2                  ;
; PowerPlay Power Optimization During Synthesis                              ; Normal compilation ; Normal compilation ;
; HDL message level                                                          ; Level2             ; Level2             ;
; Suppress Register Optimization Related Messages                            ; Off                ; Off                ;
; Number of Removed Registers Reported in Synthesis Report                   ; 5000               ; 5000               ;
; Number of Swept Nodes Reported in Synthesis Report                         ; 5000               ; 5000               ;
; Number of Inverted Registers Reported in Synthesis Report                  ; 100                ; 100                ;
; Clock MUX Protection                                                       ; On                 ; On                 ;
; Auto Gated Clock Conversion                                                ; Off                ; Off                ;
; Block Design Naming                                                        ; Auto               ; Auto               ;
; SDC constraint protection                                                  ; Off                ; Off                ;
; Synthesis Effort                                                           ; Auto               ; Auto               ;
; Shift Register Replacement - Allow Asynchronous Clear Signal               ; On                 ; On                 ;
; Pre-Mapping Resynthesis Optimization                                       ; Off                ; Off                ;
; Analysis & Synthesis Message Level                                         ; Medium             ; Medium             ;
; Disable Register Merging Across Hierarchies                                ; Auto               ; Auto               ;
; Resource Aware Inference For Block RAM                                     ; On                 ; On                 ;
; Synthesis Seed                                                             ; 1                  ; 1                  ;
+----------------------------------------------------------------------------+--------------------+--------------------+


Parallel compilation was disabled, but you have multiple processors available. Enable parallel compilation to reduce compilation time.
+-------------------------------------+
; Parallel Compilation                ;
+----------------------------+--------+
; Processors                 ; Number ;
+----------------------------+--------+
; Number detected on machine ; 8      ;
; Maximum allowed            ; 1      ;
+----------------------------+--------+


+--------------------------------------------------------------------------------------------------------------------------------------+
; Analysis & Synthesis Source Files Read                                                                                               ;
+----------------------------------+-----------------+-----------------+-----------------------------------------------------+---------+
; File Name with User-Entered Path ; Used in Netlist ; File Type       ; File Name with Absolute Path                        ; Library ;
+----------------------------------+-----------------+-----------------+-----------------------------------------------------+---------+
; DF_HZ.vhd                        ; yes             ; User VHDL File  ; E:/Mega/Facultad/FPGA/Laboratorio4/DF_HZ.vhd        ;         ;
; DEC_HEX_7SEG.vhd                 ; yes             ; User VHDL File  ; E:/Mega/Facultad/FPGA/Laboratorio4/DEC_HEX_7SEG.vhd ;         ;
+----------------------------------+-----------------+-----------------+-----------------------------------------------------+---------+


+-----------------------------------------------------------+
; Analysis & Synthesis Resource Usage Summary               ;
+---------------------------------------------+-------------+
; Resource                                    ; Usage       ;
+---------------------------------------------+-------------+
; Estimated Total logic elements              ; 63          ;
;                                             ;             ;
; Total combinational functions               ; 62          ;
; Logic element usage by number of LUT inputs ;             ;
;     -- 4 input functions                    ; 14          ;
;     -- 3 input functions                    ; 12          ;
;     -- <=2 input functions                  ; 36          ;
;                                             ;             ;
; Logic elements by mode                      ;             ;
;     -- normal mode                          ; 34          ;
;     -- arithmetic mode                      ; 28          ;
;                                             ;             ;
; Total registers                             ; 38          ;
;     -- Dedicated logic registers            ; 38          ;
;     -- I/O registers                        ; 0           ;
;                                             ;             ;
; I/O pins                                    ; 21          ;
;                                             ;             ;
; Embedded Multiplier 9-bit elements          ; 0           ;
;                                             ;             ;
; Maximum fan-out node                        ; CLKin~input ;
; Maximum fan-out                             ; 38          ;
; Total fan-out                               ; 333         ;
; Average fan-out                             ; 2.35        ;
+---------------------------------------------+-------------+


+----------------------------------------------------------------------------------------------------------------------------------------------------------------------------------+
; Analysis & Synthesis Resource Utilization by Entity                                                                                                                              ;
+----------------------------+-------------------+--------------+-------------+--------------+---------+-----------+------+--------------+--------------------------+--------------+
; Compilation Hierarchy Node ; LC Combinationals ; LC Registers ; Memory Bits ; DSP Elements ; DSP 9x9 ; DSP 18x18 ; Pins ; Virtual Pins ; Full Hierarchy Name      ; Library Name ;
+----------------------------+-------------------+--------------+-------------+--------------+---------+-----------+------+--------------+--------------------------+--------------+
; |DF_HZ                     ; 62 (51)           ; 38 (38)      ; 0           ; 0            ; 0       ; 0         ; 21   ; 0            ; |DF_HZ                   ; work         ;
;    |DEC_HEX_7SEG:DEC0|     ; 4 (4)             ; 0 (0)        ; 0           ; 0            ; 0       ; 0         ; 0    ; 0            ; |DF_HZ|DEC_HEX_7SEG:DEC0 ; work         ;
;    |DEC_HEX_7SEG:DEC1|     ; 7 (7)             ; 0 (0)        ; 0           ; 0            ; 0       ; 0         ; 0    ; 0            ; |DF_HZ|DEC_HEX_7SEG:DEC1 ; work         ;
+----------------------------+-------------------+--------------+-------------+--------------+---------+-----------+------+--------------+--------------------------+--------------+
Note: For table entries with two numbers listed, the numbers in parentheses indicate the number of resources of the given type used by the specific entity alone. The numbers listed outside of parentheses indicate the total resources of the given type used by the specific entity and all of its sub-entities in the hierarchy.


+---------------------------------------------------------------------------------+
; Registers Removed During Synthesis                                              ;
+----------------------------------------+----------------------------------------+
; Register name                          ; Reason for Removal                     ;
+----------------------------------------+----------------------------------------+
; prescaler[10,15,17]                    ; Stuck at GND due to stuck port data_in ;
; prescaler[4]                           ; Stuck at VCC due to stuck port data_in ;
; display[1,3,7]                         ; Stuck at GND due to stuck port data_in ;
; prescaler[23,25..28]                   ; Stuck at GND due to stuck port data_in ;
; prescaler[8,9]                         ; Merged with display[6]                 ;
; prescaler[1,2,11,14,18,19,22]          ; Merged with display[4]                 ;
; prescaler[13,16,20,21,24]              ; Merged with prescaler[12]              ;
; prescaler[5]                           ; Merged with prescaler[0]               ;
; prescaler[6,7]                         ; Merged with display[5]                 ;
; Total Number of Removed Registers = 29 ;                                        ;
+----------------------------------------+----------------------------------------+


+------------------------------------------------------+
; General Register Statistics                          ;
+----------------------------------------------+-------+
; Statistic                                    ; Value ;
+----------------------------------------------+-------+
; Total registers                              ; 38    ;
; Number of registers using Synchronous Clear  ; 29    ;
; Number of registers using Synchronous Load   ; 0     ;
; Number of registers using Asynchronous Clear ; 30    ;
; Number of registers using Asynchronous Load  ; 0     ;
; Number of registers using Clock Enable       ; 0     ;
; Number of registers using Preset             ; 0     ;
+----------------------------------------------+-------+


+-----------------------------------------------------------------------+
; Parameter Settings for User Entity Instance: Top-level Entity: |DF_HZ ;
+----------------+----------+-------------------------------------------+
; Parameter Name ; Value    ; Type                                      ;
+----------------+----------+-------------------------------------------+
; freq           ; 50000000 ; Signed Integer                            ;
+----------------+----------+-------------------------------------------+
Note: In order to hide this table in the UI and the text report file, please set the "Show Parameter Settings in Synthesis Report" option in "Analysis and Synthesis Settings -> More Settings" to "Off".


+-----------------------------------------------------+
; Post-Synthesis Netlist Statistics for Top Partition ;
+-----------------------+-----------------------------+
; Type                  ; Count                       ;
+-----------------------+-----------------------------+
; boundary_port         ; 21                          ;
; cycloneiii_ff         ; 38                          ;
;     CLR               ; 1                           ;
;     CLR SCLR          ; 29                          ;
;     plain             ; 8                           ;
; cycloneiii_lcell_comb ; 66                          ;
;     arith             ; 28                          ;
;         2 data inputs ; 28                          ;
;     normal            ; 38                          ;
;         0 data inputs ; 1                           ;
;         1 data inputs ; 5                           ;
;         2 data inputs ; 6                           ;
;         3 data inputs ; 12                          ;
;         4 data inputs ; 14                          ;
;                       ;                             ;
; Max LUT depth         ; 4.00                        ;
; Average LUT depth     ; 2.97                        ;
+-----------------------+-----------------------------+


+-------------------------------+
; Elapsed Time Per Partition    ;
+----------------+--------------+
; Partition Name ; Elapsed Time ;
+----------------+--------------+
; Top            ; 00:00:00     ;
+----------------+--------------+


+-------------------------------+
; Analysis & Synthesis Messages ;
+-------------------------------+
Info: *******************************************************************
Info: Running Quartus Prime Analysis & Synthesis
    Info: Version 15.1.0 Build 185 10/21/2015 SJ Lite Edition
    Info: Processing started: Wed May 11 12:08:09 2016
Info: Command: quartus_map --read_settings_files=on --write_settings_files=off Laboratorio4 -c prueba_generic
Warning (20028): Parallel compilation is not licensed and has been disabled
Info (12021): Found 2 design units, including 1 entities, in source file mux_4_1.vhd
    Info (12022): Found design unit 1: MUX_4_1-flujo File: E:/Mega/Facultad/FPGA/Laboratorio4/MUX_4_1.vhd Line: 13
    Info (12023): Found entity 1: MUX_4_1 File: E:/Mega/Facultad/FPGA/Laboratorio4/MUX_4_1.vhd Line: 4
Info (12021): Found 2 design units, including 1 entities, in source file cont_7seg.vhd
    Info (12022): Found design unit 1: CONT_7SEG-interna File: E:/Mega/Facultad/FPGA/Laboratorio4/CONT_7SEG.vhd Line: 21
    Info (12023): Found entity 1: CONT_7SEG File: E:/Mega/Facultad/FPGA/Laboratorio4/CONT_7SEG.vhd Line: 4
Info (12021): Found 2 design units, including 1 entities, in source file df_hz_pll_tb.vhd
    Info (12022): Found design unit 1: DF_HZ_PLL_TB-test File: E:/Mega/Facultad/FPGA/Laboratorio4/DF_HZ_PLL_TB.vhd Line: 8
    Info (12023): Found entity 1: DF_HZ_PLL_TB File: E:/Mega/Facultad/FPGA/Laboratorio4/DF_HZ_PLL_TB.vhd Line: 4
Info (12021): Found 2 design units, including 1 entities, in source file df_hz_pll.vhd
    Info (12022): Found design unit 1: DF_HZ_PLL-beh File: E:/Mega/Facultad/FPGA/Laboratorio4/DF_HZ_PLL.vhd Line: 17
    Info (12023): Found entity 1: DF_HZ_PLL File: E:/Mega/Facultad/FPGA/Laboratorio4/DF_HZ_PLL.vhd Line: 4
Info (12021): Found 2 design units, including 1 entities, in source file df_hz_tb.vhd
    Info (12022): Found design unit 1: DF_HZ_TB-test File: E:/Mega/Facultad/FPGA/Laboratorio4/DF_HZ_TB.vhd Line: 8
    Info (12023): Found entity 1: DF_HZ_TB File: E:/Mega/Facultad/FPGA/Laboratorio4/DF_HZ_TB.vhd Line: 4
Info (12021): Found 2 design units, including 1 entities, in source file df_hz.vhd
    Info (12022): Found design unit 1: DF_HZ-beh File: E:/Mega/Facultad/FPGA/Laboratorio4/DF_HZ.vhd Line: 27
    Info (12023): Found entity 1: DF_HZ File: E:/Mega/Facultad/FPGA/Laboratorio4/DF_HZ.vhd Line: 8
Info (12021): Found 2 design units, including 1 entities, in source file dec_hex_7seg.vhd
    Info (12022): Found design unit 1: DEC_HEX_7SEG-DECOD File: E:/Mega/Facultad/FPGA/Laboratorio4/DEC_HEX_7SEG.vhd Line: 16
    Info (12023): Found entity 1: DEC_HEX_7SEG File: E:/Mega/Facultad/FPGA/Laboratorio4/DEC_HEX_7SEG.vhd Line: 4
Info (12021): Found 2 design units, including 1 entities, in source file cont4_updown_tb.vhd
    Info (12022): Found design unit 1: CONT4_UPDOWN_TB-tb File: E:/Mega/Facultad/FPGA/Laboratorio4/CONT4_UPDOWN_TB.vhd Line: 8
    Info (12023): Found entity 1: CONT4_UPDOWN_TB File: E:/Mega/Facultad/FPGA/Laboratorio4/CONT4_UPDOWN_TB.vhd Line: 5
Info (12021): Found 2 design units, including 1 entities, in source file ff_d.vhd
    Info (12022): Found design unit 1: FF_D-flow File: E:/Mega/Facultad/FPGA/Laboratorio4/FF_D.vhd Line: 18
    Info (12023): Found entity 1: FF_D File: E:/Mega/Facultad/FPGA/Laboratorio4/FF_D.vhd Line: 5
Info (12021): Found 2 design units, including 1 entities, in source file lfsr_4.vhd
    Info (12022): Found design unit 1: LFSR_4-shift File: E:/Mega/Facultad/FPGA/Laboratorio4/LFSR_4.vhd Line: 19
    Info (12023): Found entity 1: LFSR_4 File: E:/Mega/Facultad/FPGA/Laboratorio4/LFSR_4.vhd Line: 7
Info (12021): Found 2 design units, including 1 entities, in source file lfsr_4_tb.vhd
    Info (12022): Found design unit 1: LFSR_4_TB-test File: E:/Mega/Facultad/FPGA/Laboratorio4/LFSR_4_TB.vhd Line: 7
    Info (12023): Found entity 1: LFSR_4_TB File: E:/Mega/Facultad/FPGA/Laboratorio4/LFSR_4_TB.vhd Line: 4
Info (12021): Found 2 design units, including 1 entities, in source file cont4_updown.vhd
    Info (12022): Found design unit 1: CONT4_UPDOWN-beh File: E:/Mega/Facultad/FPGA/Laboratorio4/CONT4_UPDOWN.vhd Line: 22
    Info (12023): Found entity 1: CONT4_UPDOWN File: E:/Mega/Facultad/FPGA/Laboratorio4/CONT4_UPDOWN.vhd Line: 5
Info (12021): Found 2 design units, including 1 entities, in source file pll/pll.vhd
    Info (12022): Found design unit 1: pll-SYN File: E:/Mega/Facultad/FPGA/Laboratorio4/PLL/PLL.vhd Line: 54
    Info (12023): Found entity 1: PLL File: E:/Mega/Facultad/FPGA/Laboratorio4/PLL/PLL.vhd Line: 43
Info (12021): Found 2 design units, including 1 entities, in source file pll_tb.vhd
    Info (12022): Found design unit 1: PLL_TB-test File: E:/Mega/Facultad/FPGA/Laboratorio4/PLL_TB.vhd Line: 8
    Info (12023): Found entity 1: PLL_TB File: E:/Mega/Facultad/FPGA/Laboratorio4/PLL_TB.vhd Line: 4
Info (12021): Found 2 design units, including 1 entities, in source file cont7v2.vhd
    Info (12022): Found design unit 1: CONT7V2-beh File: E:/Mega/Facultad/FPGA/Laboratorio4/CONT7V2.vhd Line: 20
    Info (12023): Found entity 1: CONT7V2 File: E:/Mega/Facultad/FPGA/Laboratorio4/CONT7V2.vhd Line: 6
Info (12021): Found 2 design units, including 1 entities, in source file cont7v2_tb.vhd
    Info (12022): Found design unit 1: CONT7V2_TB-test File: E:/Mega/Facultad/FPGA/Laboratorio4/CONT7V2_TB.vhd Line: 7
    Info (12023): Found entity 1: CONT7V2_TB File: E:/Mega/Facultad/FPGA/Laboratorio4/CONT7V2_TB.vhd Line: 4
Info (12127): Elaborating entity "DF_HZ" for the top level hierarchy
Info (12128): Elaborating entity "DEC_HEX_7SEG" for hierarchy "DEC_HEX_7SEG:DEC1" File: E:/Mega/Facultad/FPGA/Laboratorio4/DF_HZ.vhd Line: 110
Warning (13024): Output pins are stuck at VCC or GND
    Warning (13410): Pin "display0[4]" is stuck at GND File: E:/Mega/Facultad/FPGA/Laboratorio4/DF_HZ.vhd Line: 22
Info (286030): Timing-Driven Synthesis is running
Info (16010): Generating hard_block partition "hard_block:auto_generated_inst"
    Info (16011): Adding 0 node(s), including 0 DDIO, 0 PLL, 0 transceiver and 0 LCELL
Info (21057): Implemented 85 device resources after synthesis - the final resource count might be different
    Info (21058): Implemented 5 input pins
    Info (21059): Implemented 16 output pins
    Info (21061): Implemented 64 logic cells
Info: Quartus Prime Analysis & Synthesis was successful. 0 errors, 3 warnings
    Info: Peak virtual memory: 854 megabytes
    Info: Processing ended: Wed May 11 12:08:26 2016
    Info: Elapsed time: 00:00:17
    Info: Total CPU time (on all processors): 00:00:37


